<?xml version="1.0" encoding="UTF-8"?>
<!-- Generated by org.testng.reporters.JUnitXMLReporter -->
<testsuite ignored="0" hostname="DESKTOP-M91J7HC" failures="0" tests="3" name="Default test" time="10.365" errors="0" timestamp="2026-03-20T15:57:32 IST">
  <testcase classname="isdisplayedisenabledisselected.IsDisplayedIsEnabledIsSelected" name="isDisplyedMethod" time="4.463"/>
  <testcase classname="isdisplayedisenabledisselected.IsDisplayedIsEnabledIsSelected" name="isEnabledMethod" time="1.92"/>
  <testcase classname="isdisplayedisenabledisselected.IsDisplayedIsEnabledIsSelected" name="isSelectedMethod" time="2.168"/>
</testsuite> <!-- Default test -->
