<?xml version="1.0" encoding="UTF-8"?>
<!-- Generated by org.testng.reporters.JUnitXMLReporter -->
<testsuite ignored="10" hostname="DESKTOP-M91J7HC" failures="0" tests="3" name="Test" time="6.187" errors="0" timestamp="2026-03-12T23:18:08 IST">
  <testcase classname="testngframework.K_TCs_Groups_Execution_From_XML" name="chatgpt" time="1.268"/>
  <testcase classname="testngframework.K_TCs_Groups_Execution_From_XML" name="google" time="1.072"/>
  <testcase classname="testngframework.K_TCs_Groups_Execution_From_XML" name="grok" time="2.173"/>
  <testcase classname="testngframework.K_TCs_Groups_Execution_From_XML" name="facebook" time="0.0">
    <ignored/>
  </testcase> <!-- facebook -->
  <testcase classname="testngframework.K_TCs_Groups_Execution_From_XML" name="jira" time="0.0">
    <ignored/>
  </testcase> <!-- jira -->
  <testcase classname="testngframework.K_TCs_Groups_Execution_From_XML" name="redmine" time="0.0">
    <ignored/>
  </testcase> <!-- redmine -->
  <testcase classname="testngframework.K_TCs_Groups_Execution_From_XML" name="bugzilla" time="0.0">
    <ignored/>
  </testcase> <!-- bugzilla -->
  <testcase classname="testngframework.K_TCs_Groups_Execution_From_XML" name="mantisbt" time="0.0">
    <ignored/>
  </testcase> <!-- mantisbt -->
  <testcase classname="testngframework.K_TCs_Groups_Execution_From_XML" name="swiggy" time="0.0">
    <ignored/>
  </testcase> <!-- swiggy -->
  <testcase classname="testngframework.K_TCs_Groups_Execution_From_XML" name="techlearn" time="0.0">
    <ignored/>
  </testcase> <!-- techlearn -->
  <testcase classname="testngframework.K_TCs_Groups_Execution_From_XML" name="twitter" time="0.0">
    <ignored/>
  </testcase> <!-- twitter -->
  <testcase classname="testngframework.K_TCs_Groups_Execution_From_XML" name="selenium" time="0.0">
    <ignored/>
  </testcase> <!-- selenium -->
  <testcase classname="testngframework.K_TCs_Groups_Execution_From_XML" name="zomato" time="0.0">
    <ignored/>
  </testcase> <!-- zomato -->
</testsuite> <!-- Test -->
