<?xml version="1.0" encoding="UTF-8"?>
<testng-results ignored="0" total="1" passed="1" failed="0" skipped="0">
  <reporter-output>
  </reporter-output>
  <suite started-at="2026-03-25T00:20:55 IST" name="Default suite" finished-at="2026-03-25T00:21:05 IST" duration-ms="10155">
    <groups>
    </groups>
    <test started-at="2026-03-25T00:20:55 IST" name="Default test" finished-at="2026-03-25T00:21:05 IST" duration-ms="10155">
      <class name="google.DemoTest">
        <test-method is-config="true" signature="beforeTest()[pri:0, instance:google.DemoTest@7a8c8dcf]" started-at="2026-03-25T00:20:55 IST" name="beforeTest" finished-at="2026-03-25T00:20:58 IST" duration-ms="2813" status="PASS">
          <reporter-output>
          </reporter-output>
        </test-method> <!-- beforeTest -->
        <test-method signature="techlearn()[pri:0, instance:google.DemoTest@7a8c8dcf]" started-at="2026-03-25T00:20:58 IST" name="techlearn" finished-at="2026-03-25T00:21:05 IST" duration-ms="7267" status="PASS">
          <reporter-output>
          </reporter-output>
        </test-method> <!-- techlearn -->
      </class> <!-- google.DemoTest -->
    </test> <!-- Default test -->
  </suite> <!-- Default suite -->
</testng-results>
