<?xml version="1.0" encoding="UTF-8"?>
<testng-results ignored="0" total="3" passed="3" failed="0" skipped="0">
  <reporter-output>
  </reporter-output>
  <suite started-at="2026-03-20T15:57:22 IST" name="Default suite" finished-at="2026-03-20T15:57:32 IST" duration-ms="10365">
    <groups>
    </groups>
    <test started-at="2026-03-20T15:57:22 IST" name="Default test" finished-at="2026-03-20T15:57:32 IST" duration-ms="10365">
      <class name="isdisplayedisenabledisselected.IsDisplayedIsEnabledIsSelected">
        <test-method is-config="true" signature="beforeTest()[pri:0, instance:isdisplayedisenabledisselected.IsDisplayedIsEnabledIsSelected@2aceadd4]" started-at="2026-03-20T15:57:22 IST" name="beforeTest" finished-at="2026-03-20T15:57:24 IST" duration-ms="1723" status="PASS">
          <reporter-output>
          </reporter-output>
        </test-method> <!-- beforeTest -->
        <test-method signature="isDisplyedMethod()[pri:0, instance:isdisplayedisenabledisselected.IsDisplayedIsEnabledIsSelected@2aceadd4]" started-at="2026-03-20T15:57:24 IST" name="isDisplyedMethod" finished-at="2026-03-20T15:57:28 IST" duration-ms="4463" status="PASS">
          <reporter-output>
          </reporter-output>
        </test-method> <!-- isDisplyedMethod -->
        <test-method signature="isEnabledMethod()[pri:0, instance:isdisplayedisenabledisselected.IsDisplayedIsEnabledIsSelected@2aceadd4]" started-at="2026-03-20T15:57:28 IST" name="isEnabledMethod" finished-at="2026-03-20T15:57:30 IST" duration-ms="1920" status="PASS">
          <reporter-output>
          </reporter-output>
        </test-method> <!-- isEnabledMethod -->
        <test-method signature="isSelectedMethod()[pri:0, instance:isdisplayedisenabledisselected.IsDisplayedIsEnabledIsSelected@2aceadd4]" started-at="2026-03-20T15:57:30 IST" name="isSelectedMethod" finished-at="2026-03-20T15:57:32 IST" duration-ms="2168" status="PASS">
          <reporter-output>
          </reporter-output>
        </test-method> <!-- isSelectedMethod -->
      </class> <!-- isdisplayedisenabledisselected.IsDisplayedIsEnabledIsSelected -->
    </test> <!-- Default test -->
  </suite> <!-- Default suite -->
</testng-results>
