<?xml version="1.0" encoding="UTF-8"?>
<!-- Generated by org.testng.reporters.JUnitReportReporter -->
<testsuite hostname="DESKTOP-M91J7HC" failures="0" tests="2" name="techlearn.HelloAndTechlearnLogin" time="31.455" errors="0" timestamp="2026-03-12T18:43:08 IST" skipped="0">
  <testcase classname="techlearn.HelloAndTechlearnLogin" name="hellologin" time="8.056"/>
  <testcase classname="techlearn.HelloAndTechlearnLogin" name="techlearnlogin" time="23.399"/>
</testsuite> <!-- techlearn.HelloAndTechlearnLogin -->
