<?xml version="1.0" encoding="UTF-8"?>
<!-- Generated by org.testng.reporters.JUnitReportReporter -->
<testsuite hostname="DESKTOP-M91J7HC" failures="0" tests="3" name="testngframework.K_TCs_Groups_Execution_From_XML" time="4.513" errors="0" timestamp="2026-03-12T23:18:08 IST" skipped="0">
  <testcase classname="testngframework.K_TCs_Groups_Execution_From_XML" name="google" time="1.072"/>
  <testcase classname="testngframework.K_TCs_Groups_Execution_From_XML" name="grok" time="2.173"/>
  <testcase classname="testngframework.K_TCs_Groups_Execution_From_XML" name="chatgpt" time="1.268"/>
</testsuite> <!-- testngframework.K_TCs_Groups_Execution_From_XML -->
