<?xml version="1.0" encoding="UTF-8"?>
<!-- Generated by org.testng.reporters.JUnitReportReporter -->
<testsuite hostname="DESKTOP-M91J7HC" failures="0" tests="6" name="testngframework.C_TCs_Execution_Alphabatical_Order" time="21.086" errors="0" timestamp="2026-03-12T18:43:08 IST" skipped="0">
  <testcase classname="testngframework.C_TCs_Execution_Alphabatical_Order" name="zomato" time="2.791"/>
  <testcase classname="testngframework.C_TCs_Execution_Alphabatical_Order" name="techlearn" time="2.967"/>
  <testcase classname="testngframework.C_TCs_Execution_Alphabatical_Order" name="facebook" time="2.471"/>
  <testcase classname="testngframework.C_TCs_Execution_Alphabatical_Order" name="google" time="1.520"/>
  <testcase classname="testngframework.C_TCs_Execution_Alphabatical_Order" name="selenium" time="2.056"/>
  <testcase classname="testngframework.C_TCs_Execution_Alphabatical_Order" name="twitter" time="9.281"/>
</testsuite> <!-- testngframework.C_TCs_Execution_Alphabatical_Order -->
