<?xml version="1.0" encoding="UTF-8"?>
<!-- Generated by org.testng.reporters.JUnitReportReporter -->
<testsuite hostname="DESKTOP-M91J7HC" failures="0" tests="3" name="testngframework.J_TCs_Execution_From_TestNG_XML_File" time="4.898" errors="0" timestamp="2026-03-12T18:33:25 IST" skipped="0">
  <testcase classname="testngframework.J_TCs_Execution_From_TestNG_XML_File" name="google" time="1.758"/>
  <testcase classname="testngframework.J_TCs_Execution_From_TestNG_XML_File" name="zomato" time="1.848"/>
  <testcase classname="testngframework.J_TCs_Execution_From_TestNG_XML_File" name="selenium" time="1.292"/>
</testsuite> <!-- testngframework.J_TCs_Execution_From_TestNG_XML_File -->
