<?xml version="1.0" encoding="UTF-8"?>
<!-- Generated by org.testng.reporters.JUnitReportReporter -->
<testsuite hostname="DESKTOP-M91J7HC" failures="0" tests="6" name="testngframework.I_TCs_InvocationCount" time="38.441" errors="0" timestamp="2026-03-12T18:18:39 IST" skipped="0">
  <testcase classname="testngframework.I_TCs_InvocationCount" name="hellologin" time="3.964"/>
  <testcase classname="testngframework.I_TCs_InvocationCount" name="hellologin" time="7.965"/>
  <testcase classname="testngframework.I_TCs_InvocationCount" name="hellologin" time="2.723"/>
  <testcase classname="testngframework.I_TCs_InvocationCount" name="hellologin" time="4.031"/>
  <testcase classname="testngframework.I_TCs_InvocationCount" name="techlearnlogin" time="15.208"/>
  <testcase classname="testngframework.I_TCs_InvocationCount" name="hellologin" time="4.550"/>
</testsuite> <!-- testngframework.I_TCs_InvocationCount -->
