<?xml version="1.0" encoding="UTF-8"?>
<!-- Generated by org.testng.reporters.JUnitReportReporter -->
<testsuite hostname="DESKTOP-M91J7HC" failures="0" tests="3" name="isdisplayedisenabledisselected.IsDisplayedIsEnabledIsSelected" time="8.551" errors="0" timestamp="2026-03-20T15:57:33 IST" skipped="0">
  <testcase classname="isdisplayedisenabledisselected.IsDisplayedIsEnabledIsSelected" name="isSelectedMethod" time="2.168"/>
  <testcase classname="isdisplayedisenabledisselected.IsDisplayedIsEnabledIsSelected" name="isEnabledMethod" time="1.920"/>
  <testcase classname="isdisplayedisenabledisselected.IsDisplayedIsEnabledIsSelected" name="isDisplyedMethod" time="4.463"/>
</testsuite> <!-- isdisplayedisenabledisselected.IsDisplayedIsEnabledIsSelected -->
