<?xml version="1.0" encoding="UTF-8"?>
<!-- Generated by org.testng.reporters.JUnitReportReporter -->
<testsuite hostname="DESKTOP-M91J7HC" failures="0" tests="6" name="testngframework.E_TCs_Skip_Ignore_Disabled" time="8.558" errors="0" timestamp="2026-02-14T07:02:03 IST" skipped="3">
  <testcase classname="testngframework.E_TCs_Skip_Ignore_Disabled" name="techlearn" time="4.761"/>
  <testcase classname="testngframework.E_TCs_Skip_Ignore_Disabled" name="selenium" time="2.200"/>
  <testcase classname="testngframework.E_TCs_Skip_Ignore_Disabled" name="facebook" time="1.597"/>
  <testcase classname="testngframework.E_TCs_Skip_Ignore_Disabled" name="twitter">
    <skipped/>
  </testcase> <!-- twitter -->
  <testcase classname="testngframework.E_TCs_Skip_Ignore_Disabled" name="zomato">
    <skipped/>
  </testcase> <!-- zomato -->
  <testcase classname="testngframework.E_TCs_Skip_Ignore_Disabled" name="google">
    <skipped/>
  </testcase> <!-- google -->
</testsuite> <!-- testngframework.E_TCs_Skip_Ignore_Disabled -->
