<?xml version="1.0" encoding="UTF-8"?>
<!-- Generated by org.testng.reporters.JUnitReportReporter -->
<testsuite hostname="DESKTOP-M91J7HC" failures="0" tests="2" name="testngframework.G_TCs_DependsOnMethod" time="6.386" errors="0" timestamp="2026-03-12T18:43:08 IST" skipped="0">
  <testcase classname="testngframework.G_TCs_DependsOnMethod" name="method1" time="0.244"/>
  <testcase classname="testngframework.G_TCs_DependsOnMethod" name="method2" time="6.142"/>
</testsuite> <!-- testngframework.G_TCs_DependsOnMethod -->
