<?xml version="1.0" encoding="UTF-8"?>
<!-- Generated by org.testng.reporters.JUnitReportReporter -->
<testsuite hostname="DESKTOP-M91J7HC" failures="0" tests="6" name="testngframework.D_TCs_Execution_Priority_Order" time="24.544" errors="0" timestamp="2026-02-14T08:11:42 IST" skipped="0">
  <testcase classname="testngframework.D_TCs_Execution_Priority_Order" name="techlearn" time="6.689"/>
  <testcase classname="testngframework.D_TCs_Execution_Priority_Order" name="selenium" time="1.991"/>
  <testcase classname="testngframework.D_TCs_Execution_Priority_Order" name="zomato" time="1.380"/>
  <testcase classname="testngframework.D_TCs_Execution_Priority_Order" name="twitter" time="11.007"/>
  <testcase classname="testngframework.D_TCs_Execution_Priority_Order" name="google" time="0.995"/>
  <testcase classname="testngframework.D_TCs_Execution_Priority_Order" name="facebook" time="2.482"/>
</testsuite> <!-- testngframework.D_TCs_Execution_Priority_Order -->
